[2026-04-10T14:06:01.513+0000] {taskinstance.py:1956} INFO - Dependencies all met for dep_context=non-requeueable deps ti=<TaskInstance: pipeline_dvf_immobilier.stocker_hdfs_raw manual__2026-04-10T14:00:52+00:00 [queued]>
[2026-04-10T14:06:01.518+0000] {taskinstance.py:1956} INFO - Dependencies all met for dep_context=requeueable deps ti=<TaskInstance: pipeline_dvf_immobilier.stocker_hdfs_raw manual__2026-04-10T14:00:52+00:00 [queued]>
[2026-04-10T14:06:01.518+0000] {taskinstance.py:2170} INFO - Starting attempt 1 of 3
[2026-04-10T14:06:01.525+0000] {taskinstance.py:2191} INFO - Executing <Task(_PythonDecoratedOperator): stocker_hdfs_raw> on 2026-04-10 14:00:52+00:00
[2026-04-10T14:06:01.530+0000] {standard_task_runner.py:60} INFO - Started process 590 to run task
[2026-04-10T14:06:01.533+0000] {standard_task_runner.py:87} INFO - Running: ['***', 'tasks', 'run', 'pipeline_dvf_immobilier', 'stocker_hdfs_raw', 'manual__2026-04-10T14:00:52+00:00', '--job-id', '31', '--raw', '--subdir', 'DAGS_FOLDER/dag_dvf.py', '--cfg-path', '/tmp/tmpf2t456af']
[2026-04-10T14:06:01.534+0000] {standard_task_runner.py:88} INFO - Job 31: Subtask stocker_hdfs_raw
[2026-04-10T14:06:01.566+0000] {task_command.py:423} INFO - Running <TaskInstance: pipeline_dvf_immobilier.stocker_hdfs_raw manual__2026-04-10T14:00:52+00:00 [running]> on host 72db7f4e5406
[2026-04-10T14:06:01.906+0000] {taskinstance.py:2480} INFO - Exporting env vars: AIRFLOW_CTX_DAG_OWNER='data-engineering' AIRFLOW_CTX_DAG_ID='pipeline_dvf_immobilier' AIRFLOW_CTX_TASK_ID='stocker_hdfs_raw' AIRFLOW_CTX_EXECUTION_DATE='2026-04-10T14:00:52+00:00' AIRFLOW_CTX_TRY_NUMBER='1' AIRFLOW_CTX_DAG_RUN_ID='manual__2026-04-10T14:00:52+00:00'
[2026-04-10T14:06:02.195+0000] {dag_dvf.py:125} INFO - Répertoire HDFS prêt : /data/dvf/raw
[2026-04-10T14:16:05.051+0000] {taskinstance.py:2698} ERROR - Task failed with exception
Traceback (most recent call last):
  File "/home/airflow/.local/lib/python3.8/site-packages/urllib3/connectionpool.py", line 467, in _make_request
    six.raise_from(e, None)
  File "<string>", line 3, in raise_from
  File "/home/airflow/.local/lib/python3.8/site-packages/urllib3/connectionpool.py", line 462, in _make_request
    httplib_response = conn.getresponse()
  File "/usr/local/lib/python3.8/http/client.py", line 1348, in getresponse
    response.begin()
  File "/usr/local/lib/python3.8/http/client.py", line 316, in begin
    version, status, reason = self._read_status()
  File "/usr/local/lib/python3.8/http/client.py", line 277, in _read_status
    line = str(self.fp.readline(_MAXLINE + 1), "iso-8859-1")
  File "/usr/local/lib/python3.8/socket.py", line 669, in readinto
    return self._sock.recv_into(b)
socket.timeout: timed out

During handling of the above exception, another exception occurred:

Traceback (most recent call last):
  File "/home/airflow/.local/lib/python3.8/site-packages/requests/adapters.py", line 486, in send
    resp = conn.urlopen(
  File "/home/airflow/.local/lib/python3.8/site-packages/urllib3/connectionpool.py", line 799, in urlopen
    retries = retries.increment(
  File "/home/airflow/.local/lib/python3.8/site-packages/urllib3/util/retry.py", line 550, in increment
    raise six.reraise(type(error), error, _stacktrace)
  File "/home/airflow/.local/lib/python3.8/site-packages/urllib3/packages/six.py", line 770, in reraise
    raise value
  File "/home/airflow/.local/lib/python3.8/site-packages/urllib3/connectionpool.py", line 715, in urlopen
    httplib_response = self._make_request(
  File "/home/airflow/.local/lib/python3.8/site-packages/urllib3/connectionpool.py", line 469, in _make_request
    self._raise_timeout(err=e, url=url, timeout_value=read_timeout)
  File "/home/airflow/.local/lib/python3.8/site-packages/urllib3/connectionpool.py", line 358, in _raise_timeout
    raise ReadTimeoutError(
urllib3.exceptions.ReadTimeoutError: HTTPConnectionPool(host='46b8ced8ee7a', port=9864): Read timed out. (read timeout=600)

During handling of the above exception, another exception occurred:

Traceback (most recent call last):
  File "/home/airflow/.local/lib/python3.8/site-packages/airflow/models/taskinstance.py", line 433, in _execute_task
    result = execute_callable(context=context, **execute_callable_kwargs)
  File "/home/airflow/.local/lib/python3.8/site-packages/airflow/decorators/base.py", line 241, in execute
    return_value = super().execute(context)
  File "/home/airflow/.local/lib/python3.8/site-packages/airflow/operators/python.py", line 199, in execute
    return_value = self.execute_callable()
  File "/home/airflow/.local/lib/python3.8/site-packages/airflow/operators/python.py", line 216, in execute_callable
    return self.python_callable(*self.op_args, **self.op_kwargs)
  File "/opt/airflow/dags/dag_dvf.py", line 139, in stocker_hdfs_raw
    r_up = requests.put(
  File "/home/airflow/.local/lib/python3.8/site-packages/requests/api.py", line 130, in put
    return request("put", url, data=data, **kwargs)
  File "/home/airflow/.local/lib/python3.8/site-packages/requests/api.py", line 59, in request
    return session.request(method=method, url=url, **kwargs)
  File "/home/airflow/.local/lib/python3.8/site-packages/requests/sessions.py", line 589, in request
    resp = self.send(prep, **send_kwargs)
  File "/home/airflow/.local/lib/python3.8/site-packages/requests/sessions.py", line 703, in send
    r = adapter.send(request, **kwargs)
  File "/home/airflow/.local/lib/python3.8/site-packages/requests/adapters.py", line 532, in send
    raise ReadTimeout(e, request=request)
requests.exceptions.ReadTimeout: HTTPConnectionPool(host='46b8ced8ee7a', port=9864): Read timed out. (read timeout=600)
[2026-04-10T14:16:05.215+0000] {taskinstance.py:1138} INFO - Marking task as UP_FOR_RETRY. dag_id=pipeline_dvf_immobilier, task_id=stocker_hdfs_raw, execution_date=20260410T140052, start_date=20260410T140601, end_date=20260410T141605
[2026-04-10T14:16:05.269+0000] {standard_task_runner.py:107} ERROR - Failed to execute job 31 for task stocker_hdfs_raw (HTTPConnectionPool(host='46b8ced8ee7a', port=9864): Read timed out. (read timeout=600); 590)
[2026-04-10T14:16:05.312+0000] {local_task_job_runner.py:234} INFO - Task exited with return code 1
[2026-04-10T14:16:05.760+0000] {taskinstance.py:3280} INFO - 0 downstream tasks scheduled from follow-on schedule check
