[2026-04-10T14:13:37.842+0000] {taskinstance.py:1956} INFO - Dependencies all met for dep_context=non-requeueable deps ti=<TaskInstance: pipeline_dvf_immobilier.generer_rapport manual__2026-04-10T13:57:38.521568+00:00 [queued]>
[2026-04-10T14:13:37.846+0000] {taskinstance.py:1956} INFO - Dependencies all met for dep_context=requeueable deps ti=<TaskInstance: pipeline_dvf_immobilier.generer_rapport manual__2026-04-10T13:57:38.521568+00:00 [queued]>
[2026-04-10T14:13:37.846+0000] {taskinstance.py:2170} INFO - Starting attempt 1 of 3
[2026-04-10T14:13:37.851+0000] {taskinstance.py:2191} INFO - Executing <Task(_PythonDecoratedOperator): generer_rapport> on 2026-04-10 13:57:38.521568+00:00
[2026-04-10T14:13:37.854+0000] {standard_task_runner.py:60} INFO - Started process 863 to run task
[2026-04-10T14:13:37.856+0000] {standard_task_runner.py:87} INFO - Running: ['***', 'tasks', 'run', 'pipeline_dvf_immobilier', 'generer_rapport', 'manual__2026-04-10T13:57:38.521568+00:00', '--job-id', '51', '--raw', '--subdir', 'DAGS_FOLDER/dag_dvf.py', '--cfg-path', '/tmp/tmplh88e3bo']
[2026-04-10T14:13:37.857+0000] {standard_task_runner.py:88} INFO - Job 51: Subtask generer_rapport
[2026-04-10T14:13:37.885+0000] {task_command.py:423} INFO - Running <TaskInstance: pipeline_dvf_immobilier.generer_rapport manual__2026-04-10T13:57:38.521568+00:00 [running]> on host 72db7f4e5406
[2026-04-10T14:13:38.029+0000] {taskinstance.py:2480} INFO - Exporting env vars: AIRFLOW_CTX_DAG_OWNER='data-engineering' AIRFLOW_CTX_DAG_ID='pipeline_dvf_immobilier' AIRFLOW_CTX_TASK_ID='generer_rapport' AIRFLOW_CTX_EXECUTION_DATE='2026-04-10T13:57:38.521568+00:00' AIRFLOW_CTX_TRY_NUMBER='1' AIRFLOW_CTX_DAG_RUN_ID='manual__2026-04-10T13:57:38.521568+00:00'
[2026-04-10T14:13:38.034+0000] {base.py:83} INFO - Using connection ID 'dvf_postgres' for task execution.
[2026-04-10T14:13:38.037+0000] {sql.py:450} INFO - Running statement: 
            SELECT arrondissement, prix_m2_median, prix_m2_moyen,
                   nb_transactions, surface_moyenne
            FROM prix_m2_arrondissement
            WHERE annee=%s AND mois=%s
            ORDER BY prix_m2_median DESC LIMIT 20;
        , parameters: (2026, 4)
[2026-04-10T14:13:38.038+0000] {sql.py:459} INFO - Rows affected: 0
[2026-04-10T14:13:38.038+0000] {dag_dvf.py:361} INFO - 
  Classement Paris — 04/2026  (20 lignes insérées)

 Arrdt |  Médian €/m² |  Moyen €/m² |     Tx |   Surface
--------------------------------------------------------------------
--------------------------------------------------------------------
[2026-04-10T14:13:38.039+0000] {python.py:201} INFO - Done. Returned value was: 
  Classement Paris — 04/2026  (20 lignes insérées)

 Arrdt |  Médian €/m² |  Moyen €/m² |     Tx |   Surface
--------------------------------------------------------------------
--------------------------------------------------------------------
[2026-04-10T14:13:38.052+0000] {taskinstance.py:1138} INFO - Marking task as SUCCESS. dag_id=pipeline_dvf_immobilier, task_id=generer_rapport, execution_date=20260410T135738, start_date=20260410T141337, end_date=20260410T141338
[2026-04-10T14:13:38.079+0000] {local_task_job_runner.py:234} INFO - Task exited with return code 0
[2026-04-10T14:13:38.089+0000] {taskinstance.py:3280} INFO - 0 downstream tasks scheduled from follow-on schedule check
