[2026-04-10T12:46:27.046+0000] {manager.py:469} INFO - Processing files using up to 2 processes at a time 
[2026-04-10T12:46:27.047+0000] {manager.py:470} INFO - Process each file at most once every 30 seconds
[2026-04-10T12:46:27.048+0000] {manager.py:471} INFO - Checking for new files in /opt/airflow/dags every 300 seconds
[2026-04-10T12:46:27.049+0000] {manager.py:738} INFO - Searching for files in /opt/airflow/dags
[2026-04-10T12:46:27.063+0000] {manager.py:741} INFO - There are 1 files in /opt/airflow/dags
[2026-04-10T12:46:28.045+0000] {manager.py:879} INFO - 
================================================================================
DAG File Processing Stats

File Path                       PID  Runtime      # DAGs    # Errors  Last Runtime    Last Run
----------------------------  -----  ---------  --------  ----------  --------------  ----------
/opt/airflow/dags/dag_dvf.py    205  0.33s             0           0
================================================================================
[2026-04-10T12:46:58.532+0000] {manager.py:879} INFO - 
================================================================================
DAG File Processing Stats

File Path                       PID  Runtime      # DAGs    # Errors  Last Runtime    Last Run
----------------------------  -----  ---------  --------  ----------  --------------  -------------------
/opt/airflow/dags/dag_dvf.py    211  0.02s             0           1  0.42s           2026-04-10T12:46:28
================================================================================
[2026-04-10T12:47:29.054+0000] {manager.py:879} INFO - 
================================================================================
DAG File Processing Stats

File Path                       PID  Runtime      # DAGs    # Errors  Last Runtime    Last Run
----------------------------  -----  ---------  --------  ----------  --------------  -------------------
/opt/airflow/dags/dag_dvf.py    223  0.04s             0           1  0.11s           2026-04-10T12:46:58
================================================================================
[2026-04-10T12:47:59.636+0000] {manager.py:879} INFO - 
================================================================================
DAG File Processing Stats

File Path                       PID  Runtime      # DAGs    # Errors  Last Runtime    Last Run
----------------------------  -----  ---------  --------  ----------  --------------  -------------------
/opt/airflow/dags/dag_dvf.py    235  0.03s             0           1  0.12s           2026-04-10T12:47:29
================================================================================
[2026-04-10T12:48:30.324+0000] {manager.py:879} INFO - 
================================================================================
DAG File Processing Stats

File Path                       PID  Runtime      # DAGs    # Errors  Last Runtime    Last Run
----------------------------  -----  ---------  --------  ----------  --------------  -------------------
/opt/airflow/dags/dag_dvf.py    247  0.03s             0           1  0.10s           2026-04-10T12:47:59
================================================================================
[2026-04-10T12:49:00.838+0000] {manager.py:879} INFO - 
================================================================================
DAG File Processing Stats

File Path                       PID  Runtime      # DAGs    # Errors  Last Runtime    Last Run
----------------------------  -----  ---------  --------  ----------  --------------  -------------------
/opt/airflow/dags/dag_dvf.py    259  0.03s             0           1  0.11s           2026-04-10T12:48:30
================================================================================
[2026-04-10T12:49:31.486+0000] {manager.py:879} INFO - 
================================================================================
DAG File Processing Stats

File Path                       PID  Runtime      # DAGs    # Errors  Last Runtime    Last Run
----------------------------  -----  ---------  --------  ----------  --------------  -------------------
/opt/airflow/dags/dag_dvf.py    271  0.03s             0           1  0.11s           2026-04-10T12:49:00
================================================================================
[2026-04-10T12:50:10.483+0000] {manager.py:879} INFO - 
================================================================================
DAG File Processing Stats

File Path                       PID  Runtime      # DAGs    # Errors  Last Runtime    Last Run
----------------------------  -----  ---------  --------  ----------  --------------  -------------------
/opt/airflow/dags/dag_dvf.py    283  0.07s             0           1  0.15s           2026-04-10T12:49:31
================================================================================
[2026-04-10T12:50:41.324+0000] {manager.py:879} INFO - 
================================================================================
DAG File Processing Stats

File Path                     PID    Runtime      # DAGs    # Errors  Last Runtime    Last Run
----------------------------  -----  ---------  --------  ----------  --------------  -------------------
/opt/airflow/dags/dag_dvf.py                           0           1  1.62s           2026-04-10T12:50:12
================================================================================
[2026-04-10T12:51:11.579+0000] {manager.py:879} INFO - 
================================================================================
DAG File Processing Stats

File Path                     PID    Runtime      # DAGs    # Errors  Last Runtime    Last Run
----------------------------  -----  ---------  --------  ----------  --------------  -------------------
/opt/airflow/dags/dag_dvf.py                           0           1  0.81s           2026-04-10T12:50:43
================================================================================
[2026-04-10T12:51:28.108+0000] {manager.py:738} INFO - Searching for files in /opt/airflow/dags
[2026-04-10T12:51:28.144+0000] {manager.py:741} INFO - There are 1 files in /opt/airflow/dags
[2026-04-10T12:51:41.755+0000] {manager.py:879} INFO - 
================================================================================
DAG File Processing Stats

File Path                     PID    Runtime      # DAGs    # Errors  Last Runtime    Last Run
----------------------------  -----  ---------  --------  ----------  --------------  -------------------
/opt/airflow/dags/dag_dvf.py                           0           1  0.68s           2026-04-10T12:51:14
================================================================================
[2026-04-10T12:52:12.356+0000] {manager.py:879} INFO - 
================================================================================
DAG File Processing Stats

File Path                     PID    Runtime      # DAGs    # Errors  Last Runtime    Last Run
----------------------------  -----  ---------  --------  ----------  --------------  -------------------
/opt/airflow/dags/dag_dvf.py                           0           1  0.10s           2026-04-10T12:51:44
================================================================================
[2026-04-10T12:52:43.418+0000] {manager.py:879} INFO - 
================================================================================
DAG File Processing Stats

File Path                     PID    Runtime      # DAGs    # Errors  Last Runtime    Last Run
----------------------------  -----  ---------  --------  ----------  --------------  -------------------
/opt/airflow/dags/dag_dvf.py                           0           1  0.36s           2026-04-10T12:52:15
================================================================================
[2026-04-10T12:53:31.399+0000] {manager.py:879} INFO - 
================================================================================
DAG File Processing Stats

File Path                       PID  Runtime      # DAGs    # Errors  Last Runtime    Last Run
----------------------------  -----  ---------  --------  ----------  --------------  -------------------
/opt/airflow/dags/dag_dvf.py    344  18.98s            0           1  0.36s           2026-04-10T12:52:15
================================================================================
[2026-04-10T12:54:02.743+0000] {manager.py:879} INFO - 
================================================================================
DAG File Processing Stats

File Path                     PID    Runtime      # DAGs    # Errors  Last Runtime    Last Run
----------------------------  -----  ---------  --------  ----------  --------------  -------------------
/opt/airflow/dags/dag_dvf.py                           0           1  41.03s          2026-04-10T12:53:53
================================================================================
[2026-04-10T12:54:33.688+0000] {manager.py:879} INFO - 
================================================================================
DAG File Processing Stats

File Path                     PID    Runtime      # DAGs    # Errors  Last Runtime    Last Run
----------------------------  -----  ---------  --------  ----------  --------------  -------------------
/opt/airflow/dags/dag_dvf.py                           0           1  0.89s           2026-04-10T12:54:25
================================================================================
[2026-04-10T12:55:04.146+0000] {manager.py:879} INFO - 
================================================================================
DAG File Processing Stats

File Path                     PID    Runtime      # DAGs    # Errors  Last Runtime    Last Run
----------------------------  -----  ---------  --------  ----------  --------------  -------------------
/opt/airflow/dags/dag_dvf.py                           0           1  0.98s           2026-04-10T12:54:56
================================================================================
[2026-04-10T12:55:39.645+0000] {manager.py:879} INFO - 
================================================================================
DAG File Processing Stats

File Path                       PID  Runtime      # DAGs    # Errors  Last Runtime    Last Run
----------------------------  -----  ---------  --------  ----------  --------------  -------------------
/opt/airflow/dags/dag_dvf.py    401  8.82s             0           1  0.98s           2026-04-10T12:54:56
================================================================================
[2026-04-10T12:56:10.243+0000] {manager.py:879} INFO - 
================================================================================
DAG File Processing Stats

File Path                     PID    Runtime      # DAGs    # Errors  Last Runtime    Last Run
----------------------------  -----  ---------  --------  ----------  --------------  -------------------
/opt/airflow/dags/dag_dvf.py                           0           1  12.95s          2026-04-10T12:55:40
================================================================================
[2026-04-10T12:56:28.765+0000] {manager.py:738} INFO - Searching for files in /opt/airflow/dags
[2026-04-10T12:56:28.816+0000] {manager.py:741} INFO - There are 1 files in /opt/airflow/dags
[2026-04-10T12:56:40.987+0000] {manager.py:879} INFO - 
================================================================================
DAG File Processing Stats

File Path                     PID    Runtime      # DAGs    # Errors  Last Runtime    Last Run
----------------------------  -----  ---------  --------  ----------  --------------  -------------------
/opt/airflow/dags/dag_dvf.py                           0           1  0.42s           2026-04-10T12:56:11
================================================================================
[2026-04-10T12:57:11.633+0000] {manager.py:879} INFO - 
================================================================================
DAG File Processing Stats

File Path                     PID    Runtime      # DAGs    # Errors  Last Runtime    Last Run
----------------------------  -----  ---------  --------  ----------  --------------  -------------------
/opt/airflow/dags/dag_dvf.py                           0           1  4.49s           2026-04-10T12:56:47
================================================================================
[2026-04-10T12:57:42.078+0000] {manager.py:879} INFO - 
================================================================================
DAG File Processing Stats

File Path                     PID    Runtime      # DAGs    # Errors  Last Runtime    Last Run
----------------------------  -----  ---------  --------  ----------  --------------  -------------------
/opt/airflow/dags/dag_dvf.py                           0           1  0.68s           2026-04-10T12:57:18
================================================================================
[2026-04-10T12:58:13.029+0000] {manager.py:879} INFO - 
================================================================================
DAG File Processing Stats

File Path                     PID    Runtime      # DAGs    # Errors  Last Runtime    Last Run
----------------------------  -----  ---------  --------  ----------  --------------  -------------------
/opt/airflow/dags/dag_dvf.py                           0           1  0.76s           2026-04-10T12:57:50
================================================================================
[2026-04-10T12:58:44.001+0000] {manager.py:879} INFO - 
================================================================================
DAG File Processing Stats

File Path                     PID    Runtime      # DAGs    # Errors  Last Runtime    Last Run
----------------------------  -----  ---------  --------  ----------  --------------  -------------------
/opt/airflow/dags/dag_dvf.py                           0           1  0.78s           2026-04-10T12:58:21
================================================================================
[2026-04-10T12:59:14.960+0000] {manager.py:879} INFO - 
================================================================================
DAG File Processing Stats

File Path                     PID    Runtime      # DAGs    # Errors  Last Runtime    Last Run
----------------------------  -----  ---------  --------  ----------  --------------  -------------------
/opt/airflow/dags/dag_dvf.py                           0           1  1.50s           2026-04-10T12:58:53
================================================================================
[2026-04-10T12:59:45.053+0000] {manager.py:879} INFO - 
================================================================================
DAG File Processing Stats

File Path                     PID    Runtime      # DAGs    # Errors  Last Runtime    Last Run
----------------------------  -----  ---------  --------  ----------  --------------  -------------------
/opt/airflow/dags/dag_dvf.py                           0           0  13.68s          2026-04-10T12:59:35
================================================================================
[2026-04-10T13:00:15.103+0000] {manager.py:879} INFO - 
================================================================================
DAG File Processing Stats

File Path                     PID    Runtime      # DAGs    # Errors  Last Runtime    Last Run
----------------------------  -----  ---------  --------  ----------  --------------  -------------------
/opt/airflow/dags/dag_dvf.py                           0           0  2.84s           2026-04-10T13:00:09
================================================================================
[2026-04-10T13:00:45.459+0000] {manager.py:879} INFO - 
================================================================================
DAG File Processing Stats

File Path                     PID    Runtime      # DAGs    # Errors  Last Runtime    Last Run
----------------------------  -----  ---------  --------  ----------  --------------  -------------------
/opt/airflow/dags/dag_dvf.py                           1           0  10.86s          2026-04-10T13:00:42
================================================================================
[2026-04-10T13:01:15.907+0000] {manager.py:879} INFO - 
================================================================================
DAG File Processing Stats

File Path                       PID  Runtime      # DAGs    # Errors  Last Runtime    Last Run
----------------------------  -----  ---------  --------  ----------  --------------  -------------------
/opt/airflow/dags/dag_dvf.py    534  3.35s             1           0  10.86s          2026-04-10T13:00:42
================================================================================
[2026-04-10T13:01:29.603+0000] {manager.py:738} INFO - Searching for files in /opt/airflow/dags
[2026-04-10T13:01:29.673+0000] {manager.py:741} INFO - There are 1 files in /opt/airflow/dags
[2026-04-10T13:01:46.524+0000] {manager.py:879} INFO - 
================================================================================
DAG File Processing Stats

File Path                       PID  Runtime      # DAGs    # Errors  Last Runtime    Last Run
----------------------------  -----  ---------  --------  ----------  --------------  -------------------
/opt/airflow/dags/dag_dvf.py    554  0.08s             1           0  3.52s           2026-04-10T13:01:16
================================================================================
[2026-04-10T13:02:16.734+0000] {manager.py:879} INFO - 
================================================================================
DAG File Processing Stats

File Path                     PID    Runtime      # DAGs    # Errors  Last Runtime    Last Run
----------------------------  -----  ---------  --------  ----------  --------------  -------------------
/opt/airflow/dags/dag_dvf.py                           1           0  3.25s           2026-04-10T13:01:49
================================================================================
[2026-04-10T13:02:47.594+0000] {manager.py:879} INFO - 
================================================================================
DAG File Processing Stats

File Path                     PID    Runtime      # DAGs    # Errors  Last Runtime    Last Run
----------------------------  -----  ---------  --------  ----------  --------------  -------------------
/opt/airflow/dags/dag_dvf.py                           1           0  3.71s           2026-04-10T13:02:23
================================================================================
[2026-04-10T13:03:18.438+0000] {manager.py:879} INFO - 
================================================================================
DAG File Processing Stats

File Path                     PID    Runtime      # DAGs    # Errors  Last Runtime    Last Run
----------------------------  -----  ---------  --------  ----------  --------------  -------------------
/opt/airflow/dags/dag_dvf.py                           1           0  2.74s           2026-04-10T13:02:56
================================================================================
[2026-04-10T13:03:48.496+0000] {manager.py:879} INFO - 
================================================================================
DAG File Processing Stats

File Path                     PID    Runtime      # DAGs    # Errors  Last Runtime    Last Run
----------------------------  -----  ---------  --------  ----------  --------------  -------------------
/opt/airflow/dags/dag_dvf.py                           1           0  2.29s           2026-04-10T13:03:28
================================================================================
[2026-04-10T13:04:18.913+0000] {manager.py:879} INFO - 
================================================================================
DAG File Processing Stats

File Path                     PID    Runtime      # DAGs    # Errors  Last Runtime    Last Run
----------------------------  -----  ---------  --------  ----------  --------------  -------------------
/opt/airflow/dags/dag_dvf.py                           1           0  3.81s           2026-04-10T13:04:03
================================================================================
[2026-04-10T13:04:49.240+0000] {manager.py:879} INFO - 
================================================================================
DAG File Processing Stats

File Path                     PID    Runtime      # DAGs    # Errors  Last Runtime    Last Run
----------------------------  -----  ---------  --------  ----------  --------------  -------------------
/opt/airflow/dags/dag_dvf.py                           1           0  4.88s           2026-04-10T13:04:39
================================================================================
[2026-04-10T13:05:22.425+0000] {manager.py:879} INFO - 
================================================================================
DAG File Processing Stats

File Path                       PID  Runtime      # DAGs    # Errors  Last Runtime    Last Run
----------------------------  -----  ---------  --------  ----------  --------------  -------------------
/opt/airflow/dags/dag_dvf.py    632  12.78s            1           0  4.88s           2026-04-10T13:04:39
================================================================================
[2026-04-10T13:05:53.771+0000] {manager.py:879} INFO - 
================================================================================
DAG File Processing Stats

File Path                       PID  Runtime      # DAGs    # Errors  Last Runtime    Last Run
----------------------------  -----  ---------  --------  ----------  --------------  -------------------
/opt/airflow/dags/dag_dvf.py    651  0.25s             1           0  13.60s          2026-04-10T13:05:23
================================================================================
[2026-04-10T13:06:24.742+0000] {manager.py:879} INFO - 
================================================================================
DAG File Processing Stats

File Path                     PID    Runtime      # DAGs    # Errors  Last Runtime    Last Run
----------------------------  -----  ---------  --------  ----------  --------------  -------------------
/opt/airflow/dags/dag_dvf.py                           1           0  13.19s          2026-04-10T13:06:06
================================================================================
[2026-04-10T13:06:41.471+0000] {manager.py:738} INFO - Searching for files in /opt/airflow/dags
[2026-04-10T13:06:42.413+0000] {manager.py:741} INFO - There are 1 files in /opt/airflow/dags
[2026-04-10T13:06:55.162+0000] {manager.py:879} INFO - 
================================================================================
DAG File Processing Stats

File Path                       PID  Runtime      # DAGs    # Errors  Last Runtime    Last Run
----------------------------  -----  ---------  --------  ----------  --------------  -------------------
/opt/airflow/dags/dag_dvf.py    663  9.64s             1           0  13.19s          2026-04-10T13:06:06
================================================================================
[2026-04-10T13:07:25.516+0000] {manager.py:879} INFO - 
================================================================================
DAG File Processing Stats

File Path                     PID    Runtime      # DAGs    # Errors  Last Runtime    Last Run
----------------------------  -----  ---------  --------  ----------  --------------  -------------------
/opt/airflow/dags/dag_dvf.py                           1           0  15.40s          2026-04-10T13:07:00
================================================================================
[2026-04-10T13:08:18.733+0000] {manager.py:879} INFO - 
================================================================================
DAG File Processing Stats

File Path                       PID  Runtime      # DAGs    # Errors  Last Runtime    Last Run
----------------------------  -----  ---------  --------  ----------  --------------  -------------------
/opt/airflow/dags/dag_dvf.py    669  31.13s            1           0  15.40s          2026-04-10T13:07:00
================================================================================
[2026-04-10T13:08:44.587+0000] {manager.py:1201} ERROR - Processor for /opt/airflow/dags/dag_dvf.py with PID 669 started at 2026-04-10T13:07:47.440136+00:00 has timed out, killing it.
[2026-04-10T13:08:54.952+0000] {manager.py:879} INFO - 
================================================================================
DAG File Processing Stats

File Path                     PID    Runtime      # DAGs    # Errors  Last Runtime    Last Run
----------------------------  -----  ---------  --------  ----------  --------------  -------------------
/opt/airflow/dags/dag_dvf.py                           0           1  57.12s          2026-04-10T13:08:44
================================================================================
[2026-04-10T13:09:44.980+0000] {manager.py:879} INFO - 
================================================================================
DAG File Processing Stats

File Path                       PID  Runtime      # DAGs    # Errors  Last Runtime    Last Run
----------------------------  -----  ---------  --------  ----------  --------------  -------------------
/opt/airflow/dags/dag_dvf.py    684  21.03s            0           1  57.12s          2026-04-10T13:08:44
================================================================================
[2026-04-10T13:10:16.719+0000] {manager.py:1201} ERROR - Processor for /opt/airflow/dags/dag_dvf.py with PID 684 started at 2026-04-10T13:09:17.250986+00:00 has timed out, killing it.
[2026-04-10T13:10:42.695+0000] {manager.py:879} INFO - 
================================================================================
DAG File Processing Stats

File Path                     PID    Runtime      # DAGs    # Errors  Last Runtime    Last Run
----------------------------  -----  ---------  --------  ----------  --------------  -------------------
/opt/airflow/dags/dag_dvf.py                           0           1  59.37s          2026-04-10T13:10:16
================================================================================
[2026-04-10T13:11:10.915+0000] {manager.py:879} INFO - 
================================================================================
DAG File Processing Stats

File Path                       PID  Runtime      # DAGs    # Errors  Last Runtime    Last Run
----------------------------  -----  ---------  --------  ----------  --------------  -------------------
/opt/airflow/dags/dag_dvf.py    687  20.48s            0           1  59.37s          2026-04-10T13:10:16
================================================================================
[2026-04-10T13:11:42.332+0000] {manager.py:738} INFO - Searching for files in /opt/airflow/dags
[2026-04-10T13:11:43.808+0000] {manager.py:741} INFO - There are 1 files in /opt/airflow/dags
[2026-04-10T13:11:45.253+0000] {manager.py:879} INFO - 
================================================================================
DAG File Processing Stats

File Path                     PID    Runtime      # DAGs    # Errors  Last Runtime    Last Run
----------------------------  -----  ---------  --------  ----------  --------------  -------------------
/opt/airflow/dags/dag_dvf.py                           1           0  27.84s          2026-04-10T13:11:18
================================================================================
[2026-04-10T13:12:31.258+0000] {manager.py:879} INFO - 
================================================================================
DAG File Processing Stats

File Path                       PID  Runtime      # DAGs    # Errors  Last Runtime    Last Run
----------------------------  -----  ---------  --------  ----------  --------------  -------------------
/opt/airflow/dags/dag_dvf.py    712  39.68s            1           0  27.84s          2026-04-10T13:11:18
================================================================================
[2026-04-10T13:12:49.658+0000] {manager.py:1201} ERROR - Processor for /opt/airflow/dags/dag_dvf.py with PID 712 started at 2026-04-10T13:11:49.179357+00:00 has timed out, killing it.
[2026-04-10T13:13:03.476+0000] {manager.py:879} INFO - 
================================================================================
DAG File Processing Stats

File Path                     PID    Runtime      # DAGs    # Errors  Last Runtime    Last Run
----------------------------  -----  ---------  --------  ----------  --------------  -------------------
/opt/airflow/dags/dag_dvf.py                           0           1  60.46s          2026-04-10T13:12:49
================================================================================
[2026-04-10T13:13:34.612+0000] {manager.py:879} INFO - 
================================================================================
DAG File Processing Stats

File Path                       PID  Runtime      # DAGs    # Errors  Last Runtime    Last Run
----------------------------  -----  ---------  --------  ----------  --------------  -------------------
/opt/airflow/dags/dag_dvf.py    725  14.04s            0           1  60.46s          2026-04-10T13:12:49
================================================================================
[2026-04-10T13:14:05.942+0000] {manager.py:879} INFO - 
================================================================================
DAG File Processing Stats

File Path                     PID    Runtime      # DAGs    # Errors  Last Runtime    Last Run
----------------------------  -----  ---------  --------  ----------  --------------  -------------------
/opt/airflow/dags/dag_dvf.py                           0           1  35.11s          2026-04-10T13:13:55
================================================================================
[2026-04-10T13:14:36.379+0000] {manager.py:879} INFO - 
================================================================================
DAG File Processing Stats

File Path                       PID  Runtime      # DAGs    # Errors  Last Runtime    Last Run
----------------------------  -----  ---------  --------  ----------  --------------  -------------------
/opt/airflow/dags/dag_dvf.py    743  10.27s            0           1  35.11s          2026-04-10T13:13:55
================================================================================
[2026-04-10T13:15:12.198+0000] {manager.py:879} INFO - 
================================================================================
DAG File Processing Stats

File Path                       PID  Runtime      # DAGs    # Errors  Last Runtime    Last Run
----------------------------  -----  ---------  --------  ----------  --------------  -------------------
/opt/airflow/dags/dag_dvf.py    743  46.16s            0           1  35.11s          2026-04-10T13:13:55
================================================================================
[2026-04-10T13:15:43.218+0000] {manager.py:879} INFO - 
================================================================================
DAG File Processing Stats

File Path                       PID  Runtime      # DAGs    # Errors  Last Runtime    Last Run
----------------------------  -----  ---------  --------  ----------  --------------  -------------------
/opt/airflow/dags/dag_dvf.py    761  0.06s             1           0  46.33s          2026-04-10T13:15:12
================================================================================
[2026-04-10T13:16:13.544+0000] {manager.py:879} INFO - 
================================================================================
DAG File Processing Stats

File Path                     PID    Runtime      # DAGs    # Errors  Last Runtime    Last Run
----------------------------  -----  ---------  --------  ----------  --------------  -------------------
/opt/airflow/dags/dag_dvf.py                           1           0  13.11s          2026-04-10T13:15:56
================================================================================
[2026-04-10T13:16:42.411+0000] {manager.py:738} INFO - Searching for files in /opt/airflow/dags
[2026-04-10T13:16:42.515+0000] {manager.py:741} INFO - There are 1 files in /opt/airflow/dags
[2026-04-10T13:16:43.761+0000] {manager.py:879} INFO - 
================================================================================
DAG File Processing Stats

File Path                     PID    Runtime      # DAGs    # Errors  Last Runtime    Last Run
----------------------------  -----  ---------  --------  ----------  --------------  -------------------
/opt/airflow/dags/dag_dvf.py                           1           0  9.41s           2026-04-10T13:16:36
================================================================================
[2026-04-10T13:17:14.604+0000] {manager.py:879} INFO - 
================================================================================
DAG File Processing Stats

File Path                       PID  Runtime      # DAGs    # Errors  Last Runtime    Last Run
----------------------------  -----  ---------  --------  ----------  --------------  -------------------
/opt/airflow/dags/dag_dvf.py    792  8.00s             1           0  9.41s           2026-04-10T13:16:36
================================================================================
[2026-04-10T13:17:44.723+0000] {manager.py:879} INFO - 
================================================================================
DAG File Processing Stats

File Path                     PID    Runtime      # DAGs    # Errors  Last Runtime    Last Run
----------------------------  -----  ---------  --------  ----------  --------------  -------------------
/opt/airflow/dags/dag_dvf.py                           1           0  12.19s          2026-04-10T13:17:18
================================================================================
[2026-04-10T13:18:15.747+0000] {manager.py:879} INFO - 
================================================================================
DAG File Processing Stats

File Path                     PID    Runtime      # DAGs    # Errors  Last Runtime    Last Run
----------------------------  -----  ---------  --------  ----------  --------------  -------------------
/opt/airflow/dags/dag_dvf.py                           1           0  4.04s           2026-04-10T13:17:53
================================================================================
[2026-04-10T13:18:46.499+0000] {manager.py:879} INFO - 
================================================================================
DAG File Processing Stats

File Path                       PID  Runtime      # DAGs    # Errors  Last Runtime    Last Run
----------------------------  -----  ---------  --------  ----------  --------------  -------------------
/opt/airflow/dags/dag_dvf.py    840  10.35s            1           0  4.04s           2026-04-10T13:17:53
================================================================================
[2026-04-10T13:19:17.983+0000] {manager.py:451} INFO - Exiting gracefully upon receiving signal 15
[2026-04-10T13:19:17.983+0000] {manager.py:451} INFO - Exiting gracefully upon receiving signal 15
[2026-04-10T13:19:25.773+0000] {manager.py:451} INFO - Exiting gracefully upon receiving signal 15
[2026-04-10T13:20:47.510+0000] {manager.py:469} INFO - Processing files using up to 2 processes at a time 
[2026-04-10T13:20:47.537+0000] {manager.py:470} INFO - Process each file at most once every 30 seconds
[2026-04-10T13:20:47.548+0000] {manager.py:471} INFO - Checking for new files in /opt/airflow/dags every 300 seconds
[2026-04-10T13:20:47.552+0000] {manager.py:738} INFO - Searching for files in /opt/airflow/dags
[2026-04-10T13:20:47.659+0000] {manager.py:741} INFO - There are 1 files in /opt/airflow/dags
[2026-04-10T13:20:55.377+0000] {manager.py:879} INFO - 
================================================================================
DAG File Processing Stats

File Path                       PID  Runtime      # DAGs    # Errors  Last Runtime    Last Run
----------------------------  -----  ---------  --------  ----------  --------------  ----------
/opt/airflow/dags/dag_dvf.py    210  2.18s             0           0
================================================================================
[2026-04-10T13:21:25.993+0000] {manager.py:879} INFO - 
================================================================================
DAG File Processing Stats

File Path                     PID    Runtime      # DAGs    # Errors  Last Runtime    Last Run
----------------------------  -----  ---------  --------  ----------  --------------  -------------------
/opt/airflow/dags/dag_dvf.py                           1           0  9.39s           2026-04-10T13:21:02
================================================================================
[2026-04-10T13:21:56.211+0000] {manager.py:879} INFO - 
================================================================================
DAG File Processing Stats

File Path                     PID    Runtime      # DAGs    # Errors  Last Runtime    Last Run
----------------------------  -----  ---------  --------  ----------  --------------  -------------------
/opt/airflow/dags/dag_dvf.py                           1           0  6.66s           2026-04-10T13:21:39
================================================================================
[2026-04-10T13:22:26.270+0000] {manager.py:879} INFO - 
================================================================================
DAG File Processing Stats

File Path                     PID    Runtime      # DAGs    # Errors  Last Runtime    Last Run
----------------------------  -----  ---------  --------  ----------  --------------  -------------------
/opt/airflow/dags/dag_dvf.py                           1           0  2.33s           2026-04-10T13:22:13
================================================================================
[2026-04-10T13:22:56.748+0000] {manager.py:879} INFO - 
================================================================================
DAG File Processing Stats

File Path                     PID    Runtime      # DAGs    # Errors  Last Runtime    Last Run
----------------------------  -----  ---------  --------  ----------  --------------  -------------------
/opt/airflow/dags/dag_dvf.py                           1           0  5.53s           2026-04-10T13:22:49
================================================================================
[2026-04-10T13:23:27.218+0000] {manager.py:879} INFO - 
================================================================================
DAG File Processing Stats

File Path                       PID  Runtime      # DAGs    # Errors  Last Runtime    Last Run
----------------------------  -----  ---------  --------  ----------  --------------  -------------------
/opt/airflow/dags/dag_dvf.py    270  6.27s             1           0  5.53s           2026-04-10T13:22:49
================================================================================
[2026-04-10T13:23:57.355+0000] {manager.py:879} INFO - 
================================================================================
DAG File Processing Stats

File Path                     PID    Runtime      # DAGs    # Errors  Last Runtime    Last Run
----------------------------  -----  ---------  --------  ----------  --------------  -------------------
/opt/airflow/dags/dag_dvf.py                           1           0  8.66s           2026-04-10T13:23:29
================================================================================
[2026-04-10T13:24:29.832+0000] {manager.py:879} INFO - 
================================================================================
DAG File Processing Stats

File Path                     PID    Runtime      # DAGs    # Errors  Last Runtime    Last Run
----------------------------  -----  ---------  --------  ----------  --------------  -------------------
/opt/airflow/dags/dag_dvf.py                           1           0  15.45s          2026-04-10T13:24:15
================================================================================
[2026-04-10T13:25:07.046+0000] {manager.py:879} INFO - 
================================================================================
DAG File Processing Stats

File Path                       PID  Runtime      # DAGs    # Errors  Last Runtime    Last Run
----------------------------  -----  ---------  --------  ----------  --------------  -------------------
/opt/airflow/dags/dag_dvf.py    307  20.52s            1           0  15.45s          2026-04-10T13:24:15
================================================================================
[2026-04-10T13:25:37.454+0000] {manager.py:1201} ERROR - Processor for /opt/airflow/dags/dag_dvf.py with PID 307 started at 2026-04-10T13:24:46.416056+00:00 has timed out, killing it.
[2026-04-10T13:25:37.623+0000] {manager.py:879} INFO - 
================================================================================
DAG File Processing Stats

File Path                     PID    Runtime      # DAGs    # Errors  Last Runtime    Last Run
----------------------------  -----  ---------  --------  ----------  --------------  -------------------
/opt/airflow/dags/dag_dvf.py                           0           1  51.04s          2026-04-10T13:25:37
================================================================================
[2026-04-10T13:25:47.838+0000] {manager.py:738} INFO - Searching for files in /opt/airflow/dags
[2026-04-10T13:25:47.925+0000] {manager.py:741} INFO - There are 1 files in /opt/airflow/dags
[2026-04-10T13:26:09.220+0000] {manager.py:879} INFO - 
================================================================================
DAG File Processing Stats

File Path                       PID  Runtime      # DAGs    # Errors  Last Runtime    Last Run
----------------------------  -----  ---------  --------  ----------  --------------  -------------------
/opt/airflow/dags/dag_dvf.py    318  1.19s             0           1  51.04s          2026-04-10T13:25:37
================================================================================
[2026-04-10T13:26:39.623+0000] {manager.py:879} INFO - 
================================================================================
DAG File Processing Stats

File Path                     PID    Runtime      # DAGs    # Errors  Last Runtime    Last Run
----------------------------  -----  ---------  --------  ----------  --------------  -------------------
/opt/airflow/dags/dag_dvf.py                           1           0  8.48s           2026-04-10T13:26:16
================================================================================
[2026-04-10T13:27:09.794+0000] {manager.py:879} INFO - 
================================================================================
DAG File Processing Stats

File Path                     PID    Runtime      # DAGs    # Errors  Last Runtime    Last Run
----------------------------  -----  ---------  --------  ----------  --------------  -------------------
/opt/airflow/dags/dag_dvf.py                           1           0  18.50s          2026-04-10T13:27:05
================================================================================
[2026-04-10T13:27:40.278+0000] {manager.py:879} INFO - 
================================================================================
DAG File Processing Stats

File Path                       PID  Runtime      # DAGs    # Errors  Last Runtime    Last Run
----------------------------  -----  ---------  --------  ----------  --------------  -------------------
/opt/airflow/dags/dag_dvf.py    343  4.53s             1           0  18.50s          2026-04-10T13:27:05
================================================================================
[2026-04-10T13:28:10.618+0000] {manager.py:879} INFO - 
================================================================================
DAG File Processing Stats

File Path                     PID    Runtime      # DAGs    # Errors  Last Runtime    Last Run
----------------------------  -----  ---------  --------  ----------  --------------  -------------------
/opt/airflow/dags/dag_dvf.py                           1           0  21.34s          2026-04-10T13:27:57
================================================================================
[2026-04-10T13:28:40.677+0000] {manager.py:879} INFO - 
================================================================================
DAG File Processing Stats

File Path                     PID    Runtime      # DAGs    # Errors  Last Runtime    Last Run
----------------------------  -----  ---------  --------  ----------  --------------  -------------------
/opt/airflow/dags/dag_dvf.py                           1           0  9.90s           2026-04-10T13:28:37
================================================================================
[2026-04-10T13:29:10.747+0000] {manager.py:879} INFO - 
================================================================================
DAG File Processing Stats

File Path                       PID  Runtime      # DAGs    # Errors  Last Runtime    Last Run
----------------------------  -----  ---------  --------  ----------  --------------  -------------------
/opt/airflow/dags/dag_dvf.py    375  2.60s             1           0  9.90s           2026-04-10T13:28:37
================================================================================
[2026-04-10T13:29:41.272+0000] {manager.py:879} INFO - 
================================================================================
DAG File Processing Stats

File Path                     PID    Runtime      # DAGs    # Errors  Last Runtime    Last Run
----------------------------  -----  ---------  --------  ----------  --------------  -------------------
/opt/airflow/dags/dag_dvf.py                           1           0  11.67s          2026-04-10T13:29:19
================================================================================
[2026-04-10T13:30:11.996+0000] {manager.py:879} INFO - 
================================================================================
DAG File Processing Stats

File Path                     PID    Runtime      # DAGs    # Errors  Last Runtime    Last Run
----------------------------  -----  ---------  --------  ----------  --------------  -------------------
/opt/airflow/dags/dag_dvf.py                           1           0  10.61s          2026-04-10T13:30:00
================================================================================
[2026-04-10T13:30:42.067+0000] {manager.py:879} INFO - 
================================================================================
DAG File Processing Stats

File Path                       PID  Runtime      # DAGs    # Errors  Last Runtime    Last Run
----------------------------  -----  ---------  --------  ----------  --------------  -------------------
/opt/airflow/dags/dag_dvf.py    410  10.60s            1           0  10.61s          2026-04-10T13:30:00
================================================================================
[2026-04-10T13:30:47.998+0000] {manager.py:738} INFO - Searching for files in /opt/airflow/dags
[2026-04-10T13:30:48.067+0000] {manager.py:741} INFO - There are 1 files in /opt/airflow/dags
[2026-04-10T13:31:13.131+0000] {manager.py:879} INFO - 
================================================================================
DAG File Processing Stats

File Path                     PID    Runtime      # DAGs    # Errors  Last Runtime    Last Run
----------------------------  -----  ---------  --------  ----------  --------------  -------------------
/opt/airflow/dags/dag_dvf.py                           1           0  15.27s          2026-04-10T13:30:46
================================================================================
[2026-04-10T13:31:43.926+0000] {manager.py:879} INFO - 
================================================================================
DAG File Processing Stats

File Path                     PID    Runtime      # DAGs    # Errors  Last Runtime    Last Run
----------------------------  -----  ---------  --------  ----------  --------------  -------------------
/opt/airflow/dags/dag_dvf.py                           1           0  7.29s           2026-04-10T13:31:24
================================================================================
[2026-04-10T13:32:14.021+0000] {manager.py:879} INFO - 
================================================================================
DAG File Processing Stats

File Path                     PID    Runtime      # DAGs    # Errors  Last Runtime    Last Run
----------------------------  -----  ---------  --------  ----------  --------------  -------------------
/opt/airflow/dags/dag_dvf.py                           1           0  6.41s           2026-04-10T13:32:01
================================================================================
[2026-04-10T13:32:44.083+0000] {manager.py:879} INFO - 
================================================================================
DAG File Processing Stats

File Path                     PID    Runtime      # DAGs    # Errors  Last Runtime    Last Run
----------------------------  -----  ---------  --------  ----------  --------------  -------------------
/opt/airflow/dags/dag_dvf.py                           1           0  4.70s           2026-04-10T13:32:36
================================================================================
[2026-04-10T13:33:14.583+0000] {manager.py:879} INFO - 
================================================================================
DAG File Processing Stats

File Path                     PID    Runtime      # DAGs    # Errors  Last Runtime    Last Run
----------------------------  -----  ---------  --------  ----------  --------------  -------------------
/opt/airflow/dags/dag_dvf.py                           1           0  5.81s           2026-04-10T13:33:13
================================================================================
[2026-04-10T13:33:44.828+0000] {manager.py:879} INFO - 
================================================================================
DAG File Processing Stats

File Path                       PID  Runtime      # DAGs    # Errors  Last Runtime    Last Run
----------------------------  -----  ---------  --------  ----------  --------------  -------------------
/opt/airflow/dags/dag_dvf.py    471  0.31s             1           0  5.81s           2026-04-10T13:33:13
================================================================================
[2026-04-10T13:34:14.867+0000] {manager.py:879} INFO - 
================================================================================
DAG File Processing Stats

File Path                     PID    Runtime      # DAGs    # Errors  Last Runtime    Last Run
----------------------------  -----  ---------  --------  ----------  --------------  -------------------
/opt/airflow/dags/dag_dvf.py                           1           0  4.44s           2026-04-10T13:33:48
================================================================================
[2026-04-10T13:34:45.656+0000] {manager.py:879} INFO - 
================================================================================
DAG File Processing Stats

File Path                     PID    Runtime      # DAGs    # Errors  Last Runtime    Last Run
----------------------------  -----  ---------  --------  ----------  --------------  -------------------
/opt/airflow/dags/dag_dvf.py                           1           0  6.55s           2026-04-10T13:34:26
================================================================================
[2026-04-10T13:35:15.836+0000] {manager.py:879} INFO - 
================================================================================
DAG File Processing Stats

File Path                     PID    Runtime      # DAGs    # Errors  Last Runtime    Last Run
----------------------------  -----  ---------  --------  ----------  --------------  -------------------
/opt/airflow/dags/dag_dvf.py                           1           0  4.50s           2026-04-10T13:35:01
================================================================================
[2026-04-10T13:35:46.519+0000] {manager.py:879} INFO - 
================================================================================
DAG File Processing Stats

File Path                     PID    Runtime      # DAGs    # Errors  Last Runtime    Last Run
----------------------------  -----  ---------  --------  ----------  --------------  -------------------
/opt/airflow/dags/dag_dvf.py                           1           0  5.68s           2026-04-10T13:35:37
================================================================================
[2026-04-10T13:35:48.558+0000] {manager.py:738} INFO - Searching for files in /opt/airflow/dags
[2026-04-10T13:35:48.582+0000] {manager.py:741} INFO - There are 1 files in /opt/airflow/dags
[2026-04-10T13:36:17.180+0000] {manager.py:879} INFO - 
================================================================================
DAG File Processing Stats

File Path                     PID    Runtime      # DAGs    # Errors  Last Runtime    Last Run
----------------------------  -----  ---------  --------  ----------  --------------  -------------------
/opt/airflow/dags/dag_dvf.py                           1           0  8.50s           2026-04-10T13:36:16
================================================================================
[2026-04-10T13:36:48.012+0000] {manager.py:879} INFO - 
================================================================================
DAG File Processing Stats

File Path                       PID  Runtime      # DAGs    # Errors  Last Runtime    Last Run
----------------------------  -----  ---------  --------  ----------  --------------  -------------------
/opt/airflow/dags/dag_dvf.py    546  1.11s             1           0  8.50s           2026-04-10T13:36:16
================================================================================
[2026-04-10T13:37:18.628+0000] {manager.py:879} INFO - 
================================================================================
DAG File Processing Stats

File Path                     PID    Runtime      # DAGs    # Errors  Last Runtime    Last Run
----------------------------  -----  ---------  --------  ----------  --------------  -------------------
/opt/airflow/dags/dag_dvf.py                           1           0  4.08s           2026-04-10T13:36:50
================================================================================
[2026-04-10T13:37:49.596+0000] {manager.py:879} INFO - 
================================================================================
DAG File Processing Stats

File Path                     PID    Runtime      # DAGs    # Errors  Last Runtime    Last Run
----------------------------  -----  ---------  --------  ----------  --------------  -------------------
/opt/airflow/dags/dag_dvf.py                           1           0  6.39s           2026-04-10T13:37:28
================================================================================
[2026-04-10T13:38:20.011+0000] {manager.py:879} INFO - 
================================================================================
DAG File Processing Stats

File Path                     PID    Runtime      # DAGs    # Errors  Last Runtime    Last Run
----------------------------  -----  ---------  --------  ----------  --------------  -------------------
/opt/airflow/dags/dag_dvf.py                           1           0  7.82s           2026-04-10T13:38:06
================================================================================
[2026-04-10T13:38:48.603+0000] {manager.py:879} INFO - 
================================================================================
DAG File Processing Stats

File Path                     PID    Runtime      # DAGs    # Errors  Last Runtime    Last Run
----------------------------  -----  ---------  --------  ----------  --------------  -------------------
/opt/airflow/dags/dag_dvf.py                           1           0  10.01s          2026-04-10T13:38:47
================================================================================
[2026-04-10T13:39:21.059+0000] {manager.py:879} INFO - 
================================================================================
DAG File Processing Stats

File Path                       PID  Runtime      # DAGs    # Errors  Last Runtime    Last Run
----------------------------  -----  ---------  --------  ----------  --------------  -------------------
/opt/airflow/dags/dag_dvf.py    608  3.42s             1           0  10.01s          2026-04-10T13:38:47
================================================================================
[2026-04-10T13:39:51.189+0000] {manager.py:879} INFO - 
================================================================================
DAG File Processing Stats

File Path                     PID    Runtime      # DAGs    # Errors  Last Runtime    Last Run
----------------------------  -----  ---------  --------  ----------  --------------  -------------------
/opt/airflow/dags/dag_dvf.py                           1           0  11.31s          2026-04-10T13:39:28
================================================================================
[2026-04-10T13:40:21.757+0000] {manager.py:879} INFO - 
================================================================================
DAG File Processing Stats

File Path                     PID    Runtime      # DAGs    # Errors  Last Runtime    Last Run
----------------------------  -----  ---------  --------  ----------  --------------  -------------------
/opt/airflow/dags/dag_dvf.py                           1           0  8.99s           2026-04-10T13:40:08
================================================================================
[2026-04-10T13:40:48.748+0000] {manager.py:738} INFO - Searching for files in /opt/airflow/dags
[2026-04-10T13:40:49.042+0000] {manager.py:741} INFO - There are 1 files in /opt/airflow/dags
[2026-04-10T13:40:52.564+0000] {manager.py:879} INFO - 
================================================================================
DAG File Processing Stats

File Path                       PID  Runtime      # DAGs    # Errors  Last Runtime    Last Run
----------------------------  -----  ---------  --------  ----------  --------------  -------------------
/opt/airflow/dags/dag_dvf.py    633  12.83s            1           0  8.99s           2026-04-10T13:40:08
================================================================================
[2026-04-10T13:41:27.562+0000] {manager.py:879} INFO - 
================================================================================
DAG File Processing Stats

File Path                       PID  Runtime      # DAGs    # Errors  Last Runtime    Last Run
----------------------------  -----  ---------  --------  ----------  --------------  -------------------
/opt/airflow/dags/dag_dvf.py    633  47.83s            1           0  8.99s           2026-04-10T13:40:08
================================================================================
[2026-04-10T13:41:30.449+0000] {manager.py:1201} ERROR - Processor for /opt/airflow/dags/dag_dvf.py with PID 633 started at 2026-04-10T13:40:39.602096+00:00 has timed out, killing it.
[2026-04-10T13:42:00.972+0000] {manager.py:879} INFO - 
================================================================================
DAG File Processing Stats

File Path                       PID  Runtime      # DAGs    # Errors  Last Runtime    Last Run
----------------------------  -----  ---------  --------  ----------  --------------  -------------------
/opt/airflow/dags/dag_dvf.py    644  0.11s             0           1  50.84s          2026-04-10T13:41:30
================================================================================
[2026-04-10T13:42:31.125+0000] {manager.py:879} INFO - 
================================================================================
DAG File Processing Stats

File Path                     PID    Runtime      # DAGs    # Errors  Last Runtime    Last Run
----------------------------  -----  ---------  --------  ----------  --------------  -------------------
/opt/airflow/dags/dag_dvf.py                           1           0  29.66s          2026-04-10T13:42:30
================================================================================
[2026-04-10T13:43:01.229+0000] {manager.py:879} INFO - 
================================================================================
DAG File Processing Stats

File Path                       PID  Runtime      # DAGs    # Errors  Last Runtime    Last Run
----------------------------  -----  ---------  --------  ----------  --------------  -------------------
/opt/airflow/dags/dag_dvf.py    663  0.16s             1           0  29.66s          2026-04-10T13:42:30
================================================================================
[2026-04-10T13:43:32.260+0000] {manager.py:879} INFO - 
================================================================================
DAG File Processing Stats

File Path                     PID    Runtime      # DAGs    # Errors  Last Runtime    Last Run
----------------------------  -----  ---------  --------  ----------  --------------  -------------------
/opt/airflow/dags/dag_dvf.py                           1           0  16.43s          2026-04-10T13:43:17
================================================================================
[2026-04-10T13:44:03.162+0000] {manager.py:879} INFO - 
================================================================================
DAG File Processing Stats

File Path                     PID    Runtime      # DAGs    # Errors  Last Runtime    Last Run
----------------------------  -----  ---------  --------  ----------  --------------  -------------------
/opt/airflow/dags/dag_dvf.py                           1           0  9.46s           2026-04-10T13:43:58
================================================================================
[2026-04-10T13:44:33.716+0000] {manager.py:879} INFO - 
================================================================================
DAG File Processing Stats

File Path                     PID    Runtime      # DAGs    # Errors  Last Runtime    Last Run
----------------------------  -----  ---------  --------  ----------  --------------  -------------------
/opt/airflow/dags/dag_dvf.py                           1           0  4.60s           2026-04-10T13:44:32
================================================================================
[2026-04-10T13:45:04.016+0000] {manager.py:879} INFO - 
================================================================================
DAG File Processing Stats

File Path                       PID  Runtime      # DAGs    # Errors  Last Runtime    Last Run
----------------------------  -----  ---------  --------  ----------  --------------  -------------------
/opt/airflow/dags/dag_dvf.py    700  1.12s             1           0  4.60s           2026-04-10T13:44:32
================================================================================
[2026-04-10T13:45:34.908+0000] {manager.py:879} INFO - 
================================================================================
DAG File Processing Stats

File Path                     PID    Runtime      # DAGs    # Errors  Last Runtime    Last Run
----------------------------  -----  ---------  --------  ----------  --------------  -------------------
/opt/airflow/dags/dag_dvf.py                           1           0  2.37s           2026-04-10T13:45:05
================================================================================
[2026-04-10T13:45:49.625+0000] {manager.py:738} INFO - Searching for files in /opt/airflow/dags
[2026-04-10T13:45:49.670+0000] {manager.py:741} INFO - There are 1 files in /opt/airflow/dags
[2026-04-10T13:46:05.949+0000] {manager.py:879} INFO - 
================================================================================
DAG File Processing Stats

File Path                     PID    Runtime      # DAGs    # Errors  Last Runtime    Last Run
----------------------------  -----  ---------  --------  ----------  --------------  -------------------
/opt/airflow/dags/dag_dvf.py                           1           0  2.40s           2026-04-10T13:45:38
================================================================================
[2026-04-10T13:46:36.069+0000] {manager.py:879} INFO - 
================================================================================
DAG File Processing Stats

File Path                     PID    Runtime      # DAGs    # Errors  Last Runtime    Last Run
----------------------------  -----  ---------  --------  ----------  --------------  -------------------
/opt/airflow/dags/dag_dvf.py                           1           0  4.98s           2026-04-10T13:46:14
================================================================================
[2026-04-10T13:47:06.108+0000] {manager.py:879} INFO - 
================================================================================
DAG File Processing Stats

File Path                     PID    Runtime      # DAGs    # Errors  Last Runtime    Last Run
----------------------------  -----  ---------  --------  ----------  --------------  -------------------
/opt/airflow/dags/dag_dvf.py                           1           0  2.09s           2026-04-10T13:46:46
================================================================================
[2026-04-10T13:47:36.500+0000] {manager.py:879} INFO - 
================================================================================
DAG File Processing Stats

File Path                     PID    Runtime      # DAGs    # Errors  Last Runtime    Last Run
----------------------------  -----  ---------  --------  ----------  --------------  -------------------
/opt/airflow/dags/dag_dvf.py                           1           0  2.35s           2026-04-10T13:47:19
================================================================================
[2026-04-10T13:48:07.112+0000] {manager.py:879} INFO - 
================================================================================
DAG File Processing Stats

File Path                     PID    Runtime      # DAGs    # Errors  Last Runtime    Last Run
----------------------------  -----  ---------  --------  ----------  --------------  -------------------
/opt/airflow/dags/dag_dvf.py                           1           0  1.65s           2026-04-10T13:47:52
================================================================================
[2026-04-10T13:48:37.556+0000] {manager.py:879} INFO - 
================================================================================
DAG File Processing Stats

File Path                     PID    Runtime      # DAGs    # Errors  Last Runtime    Last Run
----------------------------  -----  ---------  --------  ----------  --------------  -------------------
/opt/airflow/dags/dag_dvf.py                           1           0  4.14s           2026-04-10T13:48:27
================================================================================
[2026-04-10T13:49:08.147+0000] {manager.py:879} INFO - 
================================================================================
DAG File Processing Stats

File Path                     PID    Runtime      # DAGs    # Errors  Last Runtime    Last Run
----------------------------  -----  ---------  --------  ----------  --------------  -------------------
/opt/airflow/dags/dag_dvf.py                           1           0  2.46s           2026-04-10T13:49:00
================================================================================
[2026-04-10T13:49:38.457+0000] {manager.py:879} INFO - 
================================================================================
DAG File Processing Stats

File Path                     PID    Runtime      # DAGs    # Errors  Last Runtime    Last Run
----------------------------  -----  ---------  --------  ----------  --------------  -------------------
/opt/airflow/dags/dag_dvf.py                           1           0  1.45s           2026-04-10T13:49:32
================================================================================
[2026-04-10T13:50:08.856+0000] {manager.py:879} INFO - 
================================================================================
DAG File Processing Stats

File Path                     PID    Runtime      # DAGs    # Errors  Last Runtime    Last Run
----------------------------  -----  ---------  --------  ----------  --------------  -------------------
/opt/airflow/dags/dag_dvf.py                           1           0  1.33s           2026-04-10T13:50:03
================================================================================
[2026-04-10T13:50:39.581+0000] {manager.py:879} INFO - 
================================================================================
DAG File Processing Stats

File Path                     PID    Runtime      # DAGs    # Errors  Last Runtime    Last Run
----------------------------  -----  ---------  --------  ----------  --------------  -------------------
/opt/airflow/dags/dag_dvf.py                           1           0  1.91s           2026-04-10T13:50:36
================================================================================
[2026-04-10T13:50:49.761+0000] {manager.py:738} INFO - Searching for files in /opt/airflow/dags
[2026-04-10T13:50:49.825+0000] {manager.py:741} INFO - There are 1 files in /opt/airflow/dags
[2026-04-10T13:51:09.622+0000] {manager.py:879} INFO - 
================================================================================
DAG File Processing Stats

File Path                     PID    Runtime      # DAGs    # Errors  Last Runtime    Last Run
----------------------------  -----  ---------  --------  ----------  --------------  -------------------
/opt/airflow/dags/dag_dvf.py                           1           0  1.64s           2026-04-10T13:51:09
================================================================================
[2026-04-10T13:51:40.066+0000] {manager.py:879} INFO - 
================================================================================
DAG File Processing Stats

File Path                       PID  Runtime      # DAGs    # Errors  Last Runtime    Last Run
----------------------------  -----  ---------  --------  ----------  --------------  -------------------
/opt/airflow/dags/dag_dvf.py    871  0.08s             1           0  1.64s           2026-04-10T13:51:09
================================================================================
[2026-04-10T13:55:52.962+0000] {manager.py:469} INFO - Processing files using up to 1 processes at a time 
[2026-04-10T13:55:52.963+0000] {manager.py:470} INFO - Process each file at most once every 30 seconds
[2026-04-10T13:55:52.963+0000] {manager.py:471} INFO - Checking for new files in /opt/airflow/dags every 300 seconds
[2026-04-10T13:55:52.967+0000] {manager.py:738} INFO - Searching for files in /opt/airflow/dags
[2026-04-10T13:55:53.002+0000] {manager.py:741} INFO - There are 1 files in /opt/airflow/dags
[2026-04-10T13:55:53.223+0000] {manager.py:879} INFO - 
================================================================================
DAG File Processing Stats

File Path                       PID  Runtime      # DAGs    # Errors  Last Runtime    Last Run
----------------------------  -----  ---------  --------  ----------  --------------  ----------
/opt/airflow/dags/dag_dvf.py    199  0.06s             0           0
================================================================================
[2026-04-10T13:56:23.443+0000] {manager.py:879} INFO - 
================================================================================
DAG File Processing Stats

File Path                     PID    Runtime      # DAGs    # Errors  Last Runtime    Last Run
----------------------------  -----  ---------  --------  ----------  --------------  -------------------
/opt/airflow/dags/dag_dvf.py                           1           0  1.72s           2026-04-10T13:55:54
================================================================================
[2026-04-10T13:56:53.660+0000] {manager.py:879} INFO - 
================================================================================
DAG File Processing Stats

File Path                     PID    Runtime      # DAGs    # Errors  Last Runtime    Last Run
----------------------------  -----  ---------  --------  ----------  --------------  -------------------
/opt/airflow/dags/dag_dvf.py                           1           0  0.60s           2026-04-10T13:56:25
================================================================================
[2026-04-10T13:57:24.421+0000] {manager.py:879} INFO - 
================================================================================
DAG File Processing Stats

File Path                     PID    Runtime      # DAGs    # Errors  Last Runtime    Last Run
----------------------------  -----  ---------  --------  ----------  --------------  -------------------
/opt/airflow/dags/dag_dvf.py                           1           0  0.31s           2026-04-10T13:56:56
================================================================================
[2026-04-10T13:57:54.950+0000] {manager.py:879} INFO - 
================================================================================
DAG File Processing Stats

File Path                     PID    Runtime      # DAGs    # Errors  Last Runtime    Last Run
----------------------------  -----  ---------  --------  ----------  --------------  -------------------
/opt/airflow/dags/dag_dvf.py                           1           0  0.47s           2026-04-10T13:57:26
================================================================================
[2026-04-10T13:58:25.421+0000] {manager.py:879} INFO - 
================================================================================
DAG File Processing Stats

File Path                     PID    Runtime      # DAGs    # Errors  Last Runtime    Last Run
----------------------------  -----  ---------  --------  ----------  --------------  -------------------
/opt/airflow/dags/dag_dvf.py                           1           0  0.49s           2026-04-10T13:57:57
================================================================================
[2026-04-10T13:58:55.644+0000] {manager.py:879} INFO - 
================================================================================
DAG File Processing Stats

File Path                     PID    Runtime      # DAGs    # Errors  Last Runtime    Last Run
----------------------------  -----  ---------  --------  ----------  --------------  -------------------
/opt/airflow/dags/dag_dvf.py                           1           0  0.51s           2026-04-10T13:58:28
================================================================================
[2026-04-10T13:59:26.473+0000] {manager.py:879} INFO - 
================================================================================
DAG File Processing Stats

File Path                     PID    Runtime      # DAGs    # Errors  Last Runtime    Last Run
----------------------------  -----  ---------  --------  ----------  --------------  -------------------
/opt/airflow/dags/dag_dvf.py                           1           0  0.54s           2026-04-10T13:58:59
================================================================================
[2026-04-10T13:59:56.795+0000] {manager.py:879} INFO - 
================================================================================
DAG File Processing Stats

File Path                     PID    Runtime      # DAGs    # Errors  Last Runtime    Last Run
----------------------------  -----  ---------  --------  ----------  --------------  -------------------
/opt/airflow/dags/dag_dvf.py                           1           0  0.67s           2026-04-10T13:59:30
================================================================================
[2026-04-10T14:00:27.191+0000] {manager.py:879} INFO - 
================================================================================
DAG File Processing Stats

File Path                     PID    Runtime      # DAGs    # Errors  Last Runtime    Last Run
----------------------------  -----  ---------  --------  ----------  --------------  -------------------
/opt/airflow/dags/dag_dvf.py                           1           0  0.51s           2026-04-10T14:00:00
================================================================================
[2026-04-10T14:00:53.847+0000] {manager.py:738} INFO - Searching for files in /opt/airflow/dags
[2026-04-10T14:00:53.858+0000] {manager.py:741} INFO - There are 1 files in /opt/airflow/dags
[2026-04-10T14:00:57.917+0000] {manager.py:879} INFO - 
================================================================================
DAG File Processing Stats

File Path                     PID    Runtime      # DAGs    # Errors  Last Runtime    Last Run
----------------------------  -----  ---------  --------  ----------  --------------  -------------------
/opt/airflow/dags/dag_dvf.py                           1           0  0.49s           2026-04-10T14:00:40
================================================================================
[2026-04-10T14:01:28.239+0000] {manager.py:879} INFO - 
================================================================================
DAG File Processing Stats

File Path                     PID    Runtime      # DAGs    # Errors  Last Runtime    Last Run
----------------------------  -----  ---------  --------  ----------  --------------  -------------------
/opt/airflow/dags/dag_dvf.py                           1           0  0.38s           2026-04-10T14:01:11
================================================================================
[2026-04-10T14:01:58.892+0000] {manager.py:879} INFO - 
================================================================================
DAG File Processing Stats

File Path                     PID    Runtime      # DAGs    # Errors  Last Runtime    Last Run
----------------------------  -----  ---------  --------  ----------  --------------  -------------------
/opt/airflow/dags/dag_dvf.py                           1           0  0.37s           2026-04-10T14:01:42
================================================================================
[2026-04-10T14:02:28.923+0000] {manager.py:879} INFO - 
================================================================================
DAG File Processing Stats

File Path                     PID    Runtime      # DAGs    # Errors  Last Runtime    Last Run
----------------------------  -----  ---------  --------  ----------  --------------  -------------------
/opt/airflow/dags/dag_dvf.py                           1           0  0.41s           2026-04-10T14:02:12
================================================================================
[2026-04-10T14:02:59.196+0000] {manager.py:879} INFO - 
================================================================================
DAG File Processing Stats

File Path                     PID    Runtime      # DAGs    # Errors  Last Runtime    Last Run
----------------------------  -----  ---------  --------  ----------  --------------  -------------------
/opt/airflow/dags/dag_dvf.py                           1           0  0.29s           2026-04-10T14:02:43
================================================================================
[2026-04-10T14:03:29.647+0000] {manager.py:879} INFO - 
================================================================================
DAG File Processing Stats

File Path                     PID    Runtime      # DAGs    # Errors  Last Runtime    Last Run
----------------------------  -----  ---------  --------  ----------  --------------  -------------------
/opt/airflow/dags/dag_dvf.py                           1           0  0.47s           2026-04-10T14:03:13
================================================================================
[2026-04-10T14:03:59.689+0000] {manager.py:879} INFO - 
================================================================================
DAG File Processing Stats

File Path                     PID    Runtime      # DAGs    # Errors  Last Runtime    Last Run
----------------------------  -----  ---------  --------  ----------  --------------  -------------------
/opt/airflow/dags/dag_dvf.py                           1           0  0.42s           2026-04-10T14:03:44
================================================================================
[2026-04-10T14:04:29.973+0000] {manager.py:879} INFO - 
================================================================================
DAG File Processing Stats

File Path                     PID    Runtime      # DAGs    # Errors  Last Runtime    Last Run
----------------------------  -----  ---------  --------  ----------  --------------  -------------------
/opt/airflow/dags/dag_dvf.py                           1           0  0.53s           2026-04-10T14:04:15
================================================================================
[2026-04-10T14:05:00.394+0000] {manager.py:879} INFO - 
================================================================================
DAG File Processing Stats

File Path                       PID  Runtime      # DAGs    # Errors  Last Runtime    Last Run
----------------------------  -----  ---------  --------  ----------  --------------  -------------------
/opt/airflow/dags/dag_dvf.py    524  0.03s             1           0  0.49s           2026-04-10T14:04:55
================================================================================
[2026-04-10T14:05:31.300+0000] {manager.py:879} INFO - 
================================================================================
DAG File Processing Stats

File Path                       PID  Runtime      # DAGs    # Errors  Last Runtime    Last Run
----------------------------  -----  ---------  --------  ----------  --------------  -------------------
/opt/airflow/dags/dag_dvf.py    560  0.01s             1           0  0.54s           2026-04-10T14:05:00
================================================================================
[2026-04-10T14:05:54.473+0000] {manager.py:738} INFO - Searching for files in /opt/airflow/dags
[2026-04-10T14:05:54.485+0000] {manager.py:741} INFO - There are 1 files in /opt/airflow/dags
[2026-04-10T14:06:01.552+0000] {manager.py:879} INFO - 
================================================================================
DAG File Processing Stats

File Path                     PID    Runtime      # DAGs    # Errors  Last Runtime    Last Run
----------------------------  -----  ---------  --------  ----------  --------------  -------------------
/opt/airflow/dags/dag_dvf.py                           1           0  0.76s           2026-04-10T14:05:47
================================================================================
[2026-04-10T14:06:31.766+0000] {manager.py:879} INFO - 
================================================================================
DAG File Processing Stats

File Path                     PID    Runtime      # DAGs    # Errors  Last Runtime    Last Run
----------------------------  -----  ---------  --------  ----------  --------------  -------------------
/opt/airflow/dags/dag_dvf.py                           1           0  0.68s           2026-04-10T14:06:27
================================================================================
[2026-04-10T14:07:02.342+0000] {manager.py:879} INFO - 
================================================================================
DAG File Processing Stats

File Path                     PID    Runtime      # DAGs    # Errors  Last Runtime    Last Run
----------------------------  -----  ---------  --------  ----------  --------------  -------------------
/opt/airflow/dags/dag_dvf.py                           1           0  0.54s           2026-04-10T14:06:58
================================================================================
[2026-04-10T14:07:32.913+0000] {manager.py:879} INFO - 
================================================================================
DAG File Processing Stats

File Path                     PID    Runtime      # DAGs    # Errors  Last Runtime    Last Run
----------------------------  -----  ---------  --------  ----------  --------------  -------------------
/opt/airflow/dags/dag_dvf.py                           1           0  0.53s           2026-04-10T14:07:29
================================================================================
[2026-04-10T14:08:03.456+0000] {manager.py:879} INFO - 
================================================================================
DAG File Processing Stats

File Path                     PID    Runtime      # DAGs    # Errors  Last Runtime    Last Run
----------------------------  -----  ---------  --------  ----------  --------------  -------------------
/opt/airflow/dags/dag_dvf.py                           1           0  0.57s           2026-04-10T14:07:59
================================================================================
[2026-04-10T14:08:33.527+0000] {manager.py:879} INFO - 
================================================================================
DAG File Processing Stats

File Path                     PID    Runtime      # DAGs    # Errors  Last Runtime    Last Run
----------------------------  -----  ---------  --------  ----------  --------------  -------------------
/opt/airflow/dags/dag_dvf.py                           1           0  0.67s           2026-04-10T14:08:18
================================================================================
[2026-04-10T14:09:04.114+0000] {manager.py:879} INFO - 
================================================================================
DAG File Processing Stats

File Path                     PID    Runtime      # DAGs    # Errors  Last Runtime    Last Run
----------------------------  -----  ---------  --------  ----------  --------------  -------------------
/opt/airflow/dags/dag_dvf.py                           1           0  0.46s           2026-04-10T14:08:49
================================================================================
[2026-04-10T14:09:34.516+0000] {manager.py:879} INFO - 
================================================================================
DAG File Processing Stats

File Path                     PID    Runtime      # DAGs    # Errors  Last Runtime    Last Run
----------------------------  -----  ---------  --------  ----------  --------------  -------------------
/opt/airflow/dags/dag_dvf.py                           1           0  0.45s           2026-04-10T14:09:19
================================================================================
[2026-04-10T14:10:05.169+0000] {manager.py:879} INFO - 
================================================================================
DAG File Processing Stats

File Path                     PID    Runtime      # DAGs    # Errors  Last Runtime    Last Run
----------------------------  -----  ---------  --------  ----------  --------------  -------------------
/opt/airflow/dags/dag_dvf.py                           1           0  0.50s           2026-04-10T14:10:01
================================================================================
[2026-04-10T14:10:35.579+0000] {manager.py:879} INFO - 
================================================================================
DAG File Processing Stats

File Path                     PID    Runtime      # DAGs    # Errors  Last Runtime    Last Run
----------------------------  -----  ---------  --------  ----------  --------------  -------------------
/opt/airflow/dags/dag_dvf.py                           1           0  0.48s           2026-04-10T14:10:32
================================================================================
[2026-04-10T14:10:54.743+0000] {manager.py:738} INFO - Searching for files in /opt/airflow/dags
[2026-04-10T14:10:54.756+0000] {manager.py:741} INFO - There are 1 files in /opt/airflow/dags
[2026-04-10T14:11:05.654+0000] {manager.py:879} INFO - 
================================================================================
DAG File Processing Stats

File Path                     PID    Runtime      # DAGs    # Errors  Last Runtime    Last Run
----------------------------  -----  ---------  --------  ----------  --------------  -------------------
/opt/airflow/dags/dag_dvf.py                           1           0  0.44s           2026-04-10T14:11:02
================================================================================
[2026-04-10T14:11:35.903+0000] {manager.py:879} INFO - 
================================================================================
DAG File Processing Stats

File Path                     PID    Runtime      # DAGs    # Errors  Last Runtime    Last Run
----------------------------  -----  ---------  --------  ----------  --------------  -------------------
/opt/airflow/dags/dag_dvf.py                           1           0  0.47s           2026-04-10T14:11:33
================================================================================
[2026-04-10T14:12:06.095+0000] {manager.py:879} INFO - 
================================================================================
DAG File Processing Stats

File Path                     PID    Runtime      # DAGs    # Errors  Last Runtime    Last Run
----------------------------  -----  ---------  --------  ----------  --------------  -------------------
/opt/airflow/dags/dag_dvf.py                           1           0  0.23s           2026-04-10T14:12:04
================================================================================
[2026-04-10T14:12:36.324+0000] {manager.py:879} INFO - 
================================================================================
DAG File Processing Stats

File Path                     PID    Runtime      # DAGs    # Errors  Last Runtime    Last Run
----------------------------  -----  ---------  --------  ----------  --------------  -------------------
/opt/airflow/dags/dag_dvf.py                           1           0  0.26s           2026-04-10T14:12:34
================================================================================
[2026-04-10T14:13:06.750+0000] {manager.py:879} INFO - 
================================================================================
DAG File Processing Stats

File Path                     PID    Runtime      # DAGs    # Errors  Last Runtime    Last Run
----------------------------  -----  ---------  --------  ----------  --------------  -------------------
/opt/airflow/dags/dag_dvf.py                           1           0  0.28s           2026-04-10T14:13:04
================================================================================
[2026-04-10T14:13:37.161+0000] {manager.py:879} INFO - 
================================================================================
DAG File Processing Stats

File Path                     PID    Runtime      # DAGs    # Errors  Last Runtime    Last Run
----------------------------  -----  ---------  --------  ----------  --------------  -------------------
/opt/airflow/dags/dag_dvf.py                           1           0  0.26s           2026-04-10T14:13:35
================================================================================
[2026-04-10T14:14:07.518+0000] {manager.py:879} INFO - 
================================================================================
DAG File Processing Stats

File Path                     PID    Runtime      # DAGs    # Errors  Last Runtime    Last Run
----------------------------  -----  ---------  --------  ----------  --------------  -------------------
/opt/airflow/dags/dag_dvf.py                           1           0  0.31s           2026-04-10T14:14:05
================================================================================
[2026-04-10T14:14:38.041+0000] {manager.py:879} INFO - 
================================================================================
DAG File Processing Stats

File Path                     PID    Runtime      # DAGs    # Errors  Last Runtime    Last Run
----------------------------  -----  ---------  --------  ----------  --------------  -------------------
/opt/airflow/dags/dag_dvf.py                           1           0  0.29s           2026-04-10T14:14:36
================================================================================
[2026-04-10T14:15:08.545+0000] {manager.py:879} INFO - 
================================================================================
DAG File Processing Stats

File Path                     PID    Runtime      # DAGs    # Errors  Last Runtime    Last Run
----------------------------  -----  ---------  --------  ----------  --------------  -------------------
/opt/airflow/dags/dag_dvf.py                           1           0  0.27s           2026-04-10T14:15:06
================================================================================
[2026-04-10T14:15:38.895+0000] {manager.py:879} INFO - 
================================================================================
DAG File Processing Stats

File Path                     PID    Runtime      # DAGs    # Errors  Last Runtime    Last Run
----------------------------  -----  ---------  --------  ----------  --------------  -------------------
/opt/airflow/dags/dag_dvf.py                           1           0  0.30s           2026-04-10T14:15:37
================================================================================
[2026-04-10T14:15:55.088+0000] {manager.py:738} INFO - Searching for files in /opt/airflow/dags
[2026-04-10T14:15:55.103+0000] {manager.py:741} INFO - There are 1 files in /opt/airflow/dags
[2026-04-10T14:16:09.355+0000] {manager.py:879} INFO - 
================================================================================
DAG File Processing Stats

File Path                     PID    Runtime      # DAGs    # Errors  Last Runtime    Last Run
----------------------------  -----  ---------  --------  ----------  --------------  -------------------
/opt/airflow/dags/dag_dvf.py                           1           0  0.28s           2026-04-10T14:16:07
================================================================================
[2026-04-10T14:16:39.839+0000] {manager.py:879} INFO - 
================================================================================
DAG File Processing Stats

File Path                     PID    Runtime      # DAGs    # Errors  Last Runtime    Last Run
----------------------------  -----  ---------  --------  ----------  --------------  -------------------
/opt/airflow/dags/dag_dvf.py                           1           0  0.36s           2026-04-10T14:16:38
================================================================================
[2026-04-10T14:17:10.322+0000] {manager.py:879} INFO - 
================================================================================
DAG File Processing Stats

File Path                     PID    Runtime      # DAGs    # Errors  Last Runtime    Last Run
----------------------------  -----  ---------  --------  ----------  --------------  -------------------
/opt/airflow/dags/dag_dvf.py                           1           0  0.37s           2026-04-10T14:17:08
================================================================================
