[2026-04-10T14:10:42.984+0000] {taskinstance.py:1956} INFO - Dependencies all met for dep_context=non-requeueable deps ti=<TaskInstance: pipeline_dvf_immobilier.generer_rapport manual__2026-04-10T14:10:07+00:00 [queued]>
[2026-04-10T14:10:42.988+0000] {taskinstance.py:1956} INFO - Dependencies all met for dep_context=requeueable deps ti=<TaskInstance: pipeline_dvf_immobilier.generer_rapport manual__2026-04-10T14:10:07+00:00 [queued]>
[2026-04-10T14:10:42.988+0000] {taskinstance.py:2170} INFO - Starting attempt 1 of 3
[2026-04-10T14:10:42.994+0000] {taskinstance.py:2191} INFO - Executing <Task(_PythonDecoratedOperator): generer_rapport> on 2026-04-10 14:10:07+00:00
[2026-04-10T14:10:42.997+0000] {standard_task_runner.py:60} INFO - Started process 765 to run task
[2026-04-10T14:10:43.001+0000] {standard_task_runner.py:87} INFO - Running: ['***', 'tasks', 'run', 'pipeline_dvf_immobilier', 'generer_rapport', 'manual__2026-04-10T14:10:07+00:00', '--job-id', '42', '--raw', '--subdir', 'DAGS_FOLDER/dag_dvf.py', '--cfg-path', '/tmp/tmpf2115rpn']
[2026-04-10T14:10:43.002+0000] {standard_task_runner.py:88} INFO - Job 42: Subtask generer_rapport
[2026-04-10T14:10:43.030+0000] {task_command.py:423} INFO - Running <TaskInstance: pipeline_dvf_immobilier.generer_rapport manual__2026-04-10T14:10:07+00:00 [running]> on host 72db7f4e5406
[2026-04-10T14:10:43.284+0000] {taskinstance.py:2480} INFO - Exporting env vars: AIRFLOW_CTX_DAG_OWNER='data-engineering' AIRFLOW_CTX_DAG_ID='pipeline_dvf_immobilier' AIRFLOW_CTX_TASK_ID='generer_rapport' AIRFLOW_CTX_EXECUTION_DATE='2026-04-10T14:10:07+00:00' AIRFLOW_CTX_TRY_NUMBER='1' AIRFLOW_CTX_DAG_RUN_ID='manual__2026-04-10T14:10:07+00:00'
[2026-04-10T14:10:43.289+0000] {base.py:83} INFO - Using connection ID 'dvf_postgres' for task execution.
[2026-04-10T14:10:43.292+0000] {sql.py:450} INFO - Running statement: 
            SELECT arrondissement, prix_m2_median, prix_m2_moyen,
                   nb_transactions, surface_moyenne
            FROM prix_m2_arrondissement
            WHERE annee=%s AND mois=%s
            ORDER BY prix_m2_median DESC LIMIT 20;
        , parameters: (2026, 4)
[2026-04-10T14:10:43.296+0000] {sql.py:459} INFO - Rows affected: 0
[2026-04-10T14:10:43.296+0000] {dag_dvf.py:361} INFO - 
  Classement Paris — 04/2026  (20 lignes insérées)

 Arrdt |  Médian €/m² |  Moyen €/m² |     Tx |   Surface
--------------------------------------------------------------------
--------------------------------------------------------------------
[2026-04-10T14:10:43.296+0000] {python.py:201} INFO - Done. Returned value was: 
  Classement Paris — 04/2026  (20 lignes insérées)

 Arrdt |  Médian €/m² |  Moyen €/m² |     Tx |   Surface
--------------------------------------------------------------------
--------------------------------------------------------------------
[2026-04-10T14:10:43.308+0000] {taskinstance.py:1138} INFO - Marking task as SUCCESS. dag_id=pipeline_dvf_immobilier, task_id=generer_rapport, execution_date=20260410T141007, start_date=20260410T141042, end_date=20260410T141043
[2026-04-10T14:10:43.346+0000] {local_task_job_runner.py:234} INFO - Task exited with return code 0
[2026-04-10T14:10:43.356+0000] {taskinstance.py:3280} INFO - 0 downstream tasks scheduled from follow-on schedule check
