[2026-04-10T14:00:54.244+0000] {taskinstance.py:1956} INFO - Dependencies all met for dep_context=non-requeueable deps ti=<TaskInstance: pipeline_dvf_immobilier.telecharger_dvf manual__2026-04-10T14:00:52+00:00 [queued]>
[2026-04-10T14:00:54.250+0000] {taskinstance.py:1956} INFO - Dependencies all met for dep_context=requeueable deps ti=<TaskInstance: pipeline_dvf_immobilier.telecharger_dvf manual__2026-04-10T14:00:52+00:00 [queued]>
[2026-04-10T14:00:54.250+0000] {taskinstance.py:2170} INFO - Starting attempt 1 of 3
[2026-04-10T14:00:54.258+0000] {taskinstance.py:2191} INFO - Executing <Task(_PythonDecoratedOperator): telecharger_dvf> on 2026-04-10 14:00:52+00:00
[2026-04-10T14:00:54.262+0000] {standard_task_runner.py:60} INFO - Started process 387 to run task
[2026-04-10T14:00:54.264+0000] {standard_task_runner.py:87} INFO - Running: ['***', 'tasks', 'run', 'pipeline_dvf_immobilier', 'telecharger_dvf', 'manual__2026-04-10T14:00:52+00:00', '--job-id', '20', '--raw', '--subdir', 'DAGS_FOLDER/dag_dvf.py', '--cfg-path', '/tmp/tmp8b7k6iw9']
[2026-04-10T14:00:54.265+0000] {standard_task_runner.py:88} INFO - Job 20: Subtask telecharger_dvf
[2026-04-10T14:00:54.291+0000] {task_command.py:423} INFO - Running <TaskInstance: pipeline_dvf_immobilier.telecharger_dvf manual__2026-04-10T14:00:52+00:00 [running]> on host 72db7f4e5406
[2026-04-10T14:00:54.420+0000] {taskinstance.py:2480} INFO - Exporting env vars: AIRFLOW_CTX_DAG_OWNER='data-engineering' AIRFLOW_CTX_DAG_ID='pipeline_dvf_immobilier' AIRFLOW_CTX_TASK_ID='telecharger_dvf' AIRFLOW_CTX_EXECUTION_DATE='2026-04-10T14:00:52+00:00' AIRFLOW_CTX_TRY_NUMBER='1' AIRFLOW_CTX_DAG_RUN_ID='manual__2026-04-10T14:00:52+00:00'
[2026-04-10T14:00:54.420+0000] {dag_dvf.py:82} INFO - Téléchargement DVF 2026 → /tmp/dvf_2026.csv
[2026-04-10T14:00:54.601+0000] {taskinstance.py:2698} ERROR - Task failed with exception
Traceback (most recent call last):
  File "/home/airflow/.local/lib/python3.8/site-packages/airflow/models/taskinstance.py", line 433, in _execute_task
    result = execute_callable(context=context, **execute_callable_kwargs)
  File "/home/airflow/.local/lib/python3.8/site-packages/airflow/decorators/base.py", line 241, in execute
    return_value = super().execute(context)
  File "/home/airflow/.local/lib/python3.8/site-packages/airflow/operators/python.py", line 199, in execute
    return_value = self.execute_callable()
  File "/home/airflow/.local/lib/python3.8/site-packages/airflow/operators/python.py", line 216, in execute_callable
    return self.python_callable(*self.op_args, **self.op_kwargs)
  File "/opt/airflow/dags/dag_dvf.py", line 85, in telecharger_dvf
    r.raise_for_status()
  File "/home/airflow/.local/lib/python3.8/site-packages/requests/models.py", line 1021, in raise_for_status
    raise HTTPError(http_error_msg, response=self)
requests.exceptions.HTTPError: 404 Client Error: NOT FOUND for url: https://www.data.gouv.fr/api/1/datasets/r/90a98de0-f562-4328-aa16-fe0dd1dca60f
[2026-04-10T14:00:54.613+0000] {taskinstance.py:1138} INFO - Marking task as UP_FOR_RETRY. dag_id=pipeline_dvf_immobilier, task_id=telecharger_dvf, execution_date=20260410T140052, start_date=20260410T140054, end_date=20260410T140054
[2026-04-10T14:00:54.620+0000] {standard_task_runner.py:107} ERROR - Failed to execute job 20 for task telecharger_dvf (404 Client Error: NOT FOUND for url: https://www.data.gouv.fr/api/1/datasets/r/90a98de0-f562-4328-aa16-fe0dd1dca60f; 387)
[2026-04-10T14:00:54.654+0000] {local_task_job_runner.py:234} INFO - Task exited with return code 1
[2026-04-10T14:00:54.672+0000] {taskinstance.py:3280} INFO - 0 downstream tasks scheduled from follow-on schedule check
